<?xml version="1.0" encoding="UTF-8"?>
<!-- Generated by org.testng.reporters.JUnitReportReporter -->
<testsuite skipped="0" hostname="vntwksw6743" name="testngpackage.TestNGClass" tests="2" failures="0" timestamp="30 Aug 2017 17:55:47 GMT" time="1.187" errors="0">
  <testcase name="completeForm" time="1.125" classname="testngpackage.TestNGClass"/>
  <testcase name="messageTest" time="0.062" classname="testngpackage.TestNGClass"/>
</testsuite> <!-- testngpackage.TestNGClass -->
